7/24/2013 8:25:21 AM	This log contains information about the import schema operation into project 'Timesheets' on computer 'TWIST' by user 'Christina'.
7/24/2013 8:25:21 AM	Import of database schema has started.
7/24/2013 8:25:22 AM	Gathering database options
7/24/2013 8:25:22 AM	Gathering users
7/24/2013 8:25:22 AM	Gathering roles
7/24/2013 8:25:22 AM	Gathering application roles
7/24/2013 8:25:22 AM	Gathering role memberships
7/24/2013 8:25:22 AM	Gathering filegroups
7/24/2013 8:25:22 AM	Gathering full-text catalogs
7/24/2013 8:25:22 AM	Gathering assemblies
7/24/2013 8:25:22 AM	Gathering certificates
7/24/2013 8:25:22 AM	Gathering asymmetric keys
7/24/2013 8:25:22 AM	Gathering symmetric keys
7/24/2013 8:25:22 AM	Gathering encrypted symmetric keys
7/24/2013 8:25:22 AM	Gathering schemas
7/24/2013 8:25:22 AM	Gathering XML schema collections
7/24/2013 8:25:22 AM	Gathering user-defined data types
7/24/2013 8:25:22 AM	Gathering user-defined types
7/24/2013 8:25:22 AM	Gathering table types
7/24/2013 8:25:22 AM	Gathering unique keys for table types
7/24/2013 8:25:22 AM	Gathering primary keys for table types
7/24/2013 8:25:22 AM	Gathering check constraints for table types
7/24/2013 8:25:22 AM	Gathering default constraints for table types
7/24/2013 8:25:22 AM	Gathering partition functions
7/24/2013 8:25:22 AM	Gathering partition schemes
7/24/2013 8:25:22 AM	Gathering functions
7/24/2013 8:25:22 AM	Gathering encrypted functions
7/24/2013 8:25:22 AM	Gathering aggregates
7/24/2013 8:25:22 AM	Gathering procedures
7/24/2013 8:25:22 AM	Gathering encrypted procedures
7/24/2013 8:25:22 AM	Gathering tables
7/24/2013 8:25:22 AM	Gathering primary keys
7/24/2013 8:25:22 AM	Gathering unique constraints
7/24/2013 8:25:22 AM	Gathering foreign keys
7/24/2013 8:25:22 AM	Gathering default constraints
7/24/2013 8:25:22 AM	Gathering check constraints
7/24/2013 8:25:22 AM	Gathering views
7/24/2013 8:25:22 AM	Gathering encrypted views
7/24/2013 8:25:22 AM	Gathering indexes
7/24/2013 8:25:22 AM	Gathering statistics
7/24/2013 8:25:22 AM	Gathering full-text index stoplists
7/24/2013 8:25:22 AM	Gathering search property lists
7/24/2013 8:25:22 AM	Gathering search properties
7/24/2013 8:25:22 AM	Gathering full-text indexes
7/24/2013 8:25:22 AM	Gathering column store indexes
7/24/2013 8:25:22 AM	Gathering spatial indexes
7/24/2013 8:25:22 AM	Gathering XML indexes
7/24/2013 8:25:22 AM	Gathering encrypted triggers
7/24/2013 8:25:22 AM	Gathering triggers
7/24/2013 8:25:22 AM	Gathering encrypted and clr ddl triggers
7/24/2013 8:25:22 AM	Gathering ddl triggers
7/24/2013 8:25:22 AM	Gathering synonyms
7/24/2013 8:25:22 AM	Gathering defaults
7/24/2013 8:25:22 AM	Gathering data constraint uddt bindings
7/24/2013 8:25:22 AM	Gathering rules
7/24/2013 8:25:22 AM	Gathering data constraint uddt bindings
7/24/2013 8:25:22 AM	Gathering message types
7/24/2013 8:25:22 AM	Gathering queues
7/24/2013 8:25:22 AM	Gathering contracts
7/24/2013 8:25:22 AM	Gathering services
7/24/2013 8:25:22 AM	Gathering event notifications
7/24/2013 8:25:22 AM	Gathering remote service bindings
7/24/2013 8:25:22 AM	Gathering broker priorities
7/24/2013 8:25:22 AM	Gathering signatures
7/24/2013 8:25:22 AM	Gathering data compression options
7/24/2013 8:25:22 AM	Gathering sequence types
7/24/2013 8:25:22 AM	Gathering extended properties
7/24/2013 8:25:22 AM	Gathering credentials
7/24/2013 8:25:22 AM	Gathering logins
7/24/2013 8:25:22 AM	Gathering server audits
7/24/2013 8:25:22 AM	Scanning project for duplicate elements
7/24/2013 8:25:22 AM	Finished duplicate element processing
7/24/2013 8:25:22 AM	Finished importing database.
7/24/2013 8:25:22 AM	A summary of the import was saved to the following location: C:\Users\Christina\Dropbox\My Documents\GitHub\TimeSheets\Database\Timesheets\Timesheets\Import Schema Logs\Timesheets_20130724062521.log
7/24/2013 8:25:22 AM	Click Finish to continue...
